# configure exec: ./configure --prefix=/Users/alevi1/kafka/r11/node-rdkafka/build/deps --libdir=/Users/alevi1/kafka/r11/node-rdkafka/build/deps --prefix=/Users/alevi1/kafka/r11/node-rdkafka/build/deps --libdir=/Users/alevi1/kafka/r11/node-rdkafka/build/deps
# On Mon Mar 18 14:40:16 EDT 2019
DBG: ccenv: WITH_CC:  --version failed: mklove/modules/configure.base: line 1204: --version: command not found
DBG: Check ccenv (WITH_CC, action cont (originally cont)) failed: command ' --version' failed:
mklove/modules/configure.base: line 1204: --version: command not found
DBG: cxxenv: WITH_CXX:  --version failed: mklove/modules/configure.base: line 1204: --version: command not found
DBG: Check cxxenv (WITH_CXX, action cont (originally cont)) failed: command ' --version' failed:
mklove/modules/configure.base: line 1204: --version: command not found
DBG: objdump: : objdump is not executable: 
DBG: Check objdump (, action disable (originally disable)) failed: objdump is not executable
DBG: pkgconfig: WITH_PKGCONFIG: pkg-config --version failed: mklove/modules/configure.base: line 1204: pkg-config: command not found
DBG: Check pkgconfig (WITH_PKGCONFIG, action cont (originally cont)) failed: command 'pkg-config --version' failed:
mklove/modules/configure.base: line 1204: pkg-config: command not found
DBG: install: WITH_INSTALL: install --version failed: install: illegal option -- -
usage: install [-bCcpSsv] [-B suffix] [-f flags] [-g group] [-m mode]
               [-o owner] file1 file2
       install [-bCcpSsv] [-B suffix] [-f flags] [-g group] [-m mode]
               [-o owner] file1 ... fileN directory
       install -d [-v] [-g group] [-m mode] [-o owner] directory ...
DBG: Check install (WITH_INSTALL, action cont (originally cont)) failed: command 'install --version' failed:
install: illegal option -- -
usage: install [-bCcpSsv] [-B suffix] [-f flags] [-g group] [-m mode]
               [-o owner] file1 file2
       install [-bCcpSsv] [-B suffix] [-f flags] [-g group] [-m mode]
               [-o owner] file1 ... fileN directory
       install -d [-v] [-g group] [-m mode] [-o owner] directory ...
DBG: Compile check gnulib (WITH_GNULD): gcc  -I/usr/local/opt/openssl/include -gstrict-dwarf -O2 -fPIC -Wall -Werror _mkltmpp2jYRx.c -o _mkltmpp2jYRx.c.o  -L/usr/local/opt/openssl/lib -L/Users/alevi1/kafka/r11/node-rdkafka/build/deps -shared -Wl,-soname,mkltest.0
DBG: compile check for gnulib (WITH_GNULD) failed: gcc  -I/usr/local/opt/openssl/include -gstrict-dwarf -O2 -fPIC -Wall -Werror _mkltmpp2jYRx.c -o _mkltmpp2jYRx.c.o  -L/usr/local/opt/openssl/lib -L/Users/alevi1/kafka/r11/node-rdkafka/build/deps -shared -Wl,-soname,mkltest.0: ld: unknown option: -soname
clang: error: linker command failed with exit code 1 (use -v to see invocation)
DBG: Check gnulib (WITH_GNULD, action cont (originally cont)) failed: compile check failed:
CC: CC
flags: -shared -Wl,-soname,mkltest.0
gcc  -I/usr/local/opt/openssl/include -gstrict-dwarf -O2 -fPIC -Wall -Werror _mkltmpp2jYRx.c -o _mkltmpp2jYRx.c.o  -L/usr/local/opt/openssl/lib -L/Users/alevi1/kafka/r11/node-rdkafka/build/deps -shared -Wl,-soname,mkltest.0:
ld: unknown option: -soname
clang: error: linker command failed with exit code 1 (use -v to see invocation)
source: 
DBG: Compile check ldsflagvs (): gcc  -I/usr/local/opt/openssl/include -gstrict-dwarf -O2 -fPIC -Wall -Werror _mkltmprCBWtw.c -o _mkltmprCBWtw.c.o  -L/usr/local/opt/openssl/lib -L/Users/alevi1/kafka/r11/node-rdkafka/build/deps -shared -Wl,--version-script=_mkltmpTGZAnK
DBG: compile check for ldsflagvs () failed: gcc  -I/usr/local/opt/openssl/include -gstrict-dwarf -O2 -fPIC -Wall -Werror _mkltmprCBWtw.c -o _mkltmprCBWtw.c.o  -L/usr/local/opt/openssl/lib -L/Users/alevi1/kafka/r11/node-rdkafka/build/deps -shared -Wl,--version-script=_mkltmpTGZAnK: ld: unknown option: --version-script=_mkltmpTGZAnK
clang: error: linker command failed with exit code 1 (use -v to see invocation)
DBG: Check ldsflagvs (, action cont (originally cont)) failed: compile check failed:
CC: CC
flags: -shared -Wl,--version-script=_mkltmpTGZAnK
gcc  -I/usr/local/opt/openssl/include -gstrict-dwarf -O2 -fPIC -Wall -Werror _mkltmprCBWtw.c -o _mkltmprCBWtw.c.o  -L/usr/local/opt/openssl/lib -L/Users/alevi1/kafka/r11/node-rdkafka/build/deps -shared -Wl,--version-script=_mkltmpTGZAnK:
ld: unknown option: --version-script=_mkltmpTGZAnK
clang: error: linker command failed with exit code 1 (use -v to see invocation)
source: 
DBG: Compile check ldsflagm (): gcc  -I/usr/local/opt/openssl/include -gstrict-dwarf -O2 -fPIC -Wall -Werror _mkltmpV4Qwms.c -o _mkltmpV4Qwms.c.o  -L/usr/local/opt/openssl/lib -L/Users/alevi1/kafka/r11/node-rdkafka/build/deps -shared -Wl,-M_mkltmpTGZAnK
DBG: compile check for ldsflagm () failed: gcc  -I/usr/local/opt/openssl/include -gstrict-dwarf -O2 -fPIC -Wall -Werror _mkltmpV4Qwms.c -o _mkltmpV4Qwms.c.o  -L/usr/local/opt/openssl/lib -L/Users/alevi1/kafka/r11/node-rdkafka/build/deps -shared -Wl,-M_mkltmpTGZAnK: ld: unknown option: -M_mkltmpTGZAnK
clang: error: linker command failed with exit code 1 (use -v to see invocation)
DBG: Check ldsflagm (, action ignore (originally ignore)) failed: compile check failed:
CC: CC
flags: -shared -Wl,-M_mkltmpTGZAnK
gcc  -I/usr/local/opt/openssl/include -gstrict-dwarf -O2 -fPIC -Wall -Werror _mkltmpV4Qwms.c -o _mkltmpV4Qwms.c.o  -L/usr/local/opt/openssl/lib -L/Users/alevi1/kafka/r11/node-rdkafka/build/deps -shared -Wl,-M_mkltmpTGZAnK:
ld: unknown option: -M_mkltmpTGZAnK
clang: error: linker command failed with exit code 1 (use -v to see invocation)
source: 
DBG: Compile check librt (): gcc  -I/usr/local/opt/openssl/include -gstrict-dwarf -O2 -fPIC -Wall -Wsign-compare -Wfloat-equal -Wpointer-arith -Wcast-align -Wall -Werror _mkltmp74ii1z.c -o _mkltmp74ii1z.c.o  -L/usr/local/opt/openssl/lib -L/Users/alevi1/kafka/r11/node-rdkafka/build/deps -lrt
DBG: compile check for librt () failed: gcc  -I/usr/local/opt/openssl/include -gstrict-dwarf -O2 -fPIC -Wall -Wsign-compare -Wfloat-equal -Wpointer-arith -Wcast-align -Wall -Werror _mkltmp74ii1z.c -o _mkltmp74ii1z.c.o  -L/usr/local/opt/openssl/lib -L/Users/alevi1/kafka/r11/node-rdkafka/build/deps -lrt: ld: library not found for -lrt
clang: error: linker command failed with exit code 1 (use -v to see invocation)
DBG: Check librt (, action cont (originally cont)) failed: compile check failed:
CC: CC
flags: -lrt
gcc  -I/usr/local/opt/openssl/include -gstrict-dwarf -O2 -fPIC -Wall -Wsign-compare -Wfloat-equal -Wpointer-arith -Wcast-align -Wall -Werror _mkltmp74ii1z.c -o _mkltmp74ii1z.c.o  -L/usr/local/opt/openssl/lib -L/Users/alevi1/kafka/r11/node-rdkafka/build/deps -lrt:
ld: library not found for -lrt
clang: error: linker command failed with exit code 1 (use -v to see invocation)
source: 
DBG: Compile check c11threads (WITH_C11THREADS): gcc  -I/usr/local/opt/openssl/include -gstrict-dwarf -O2 -fPIC -Wall -Wsign-compare -Wfloat-equal -Wpointer-arith -Wcast-align -Wall -Werror _mkltmpxJhfHz.c -o _mkltmpxJhfHz.c.o  -L/usr/local/opt/openssl/lib -L/Users/alevi1/kafka/r11/node-rdkafka/build/deps 
DBG: compile check for c11threads (WITH_C11THREADS) failed: gcc  -I/usr/local/opt/openssl/include -gstrict-dwarf -O2 -fPIC -Wall -Wsign-compare -Wfloat-equal -Wpointer-arith -Wcast-align -Wall -Werror _mkltmpxJhfHz.c -o _mkltmpxJhfHz.c.o  -L/usr/local/opt/openssl/lib -L/Users/alevi1/kafka/r11/node-rdkafka/build/deps : _mkltmpxJhfHz.c:2:10: fatal error: 'threads.h' file not found
#include <threads.h>
         ^
1 error generated.
DBG: Check c11threads (WITH_C11THREADS, action disable (originally disable)) failed: compile check failed:
CC: CC
flags: 
gcc  -I/usr/local/opt/openssl/include -gstrict-dwarf -O2 -fPIC -Wall -Wsign-compare -Wfloat-equal -Wpointer-arith -Wcast-align -Wall -Werror _mkltmpxJhfHz.c -o _mkltmpxJhfHz.c.o  -L/usr/local/opt/openssl/lib -L/Users/alevi1/kafka/r11/node-rdkafka/build/deps :
_mkltmpxJhfHz.c:2:10: fatal error: 'threads.h' file not found
#include <threads.h>
         ^
1 error generated.
source: 
#include <threads.h>


static int start_func (void *arg) {
   int iarg = *(int *)arg;
   return iarg;
}

void foo (void) {
    thrd_t thr;
    int arg = 1;
    if (thrd_create(&thr, start_func, (void *)&arg) != thrd_success) {
      ;
    }
}

DBG: Compile check libzstd (WITH_ZSTD): gcc  -I/usr/local/opt/openssl/include -gstrict-dwarf -O2 -fPIC -Wall -Wsign-compare -Wfloat-equal -Wpointer-arith -Wcast-align -Wall -Werror _mkltmp3UCCrf.c -o _mkltmp3UCCrf.c.o  -L/usr/local/opt/openssl/lib -L/Users/alevi1/kafka/r11/node-rdkafka/build/deps -lzstd
DBG: compile check for libzstd (WITH_ZSTD) failed: gcc  -I/usr/local/opt/openssl/include -gstrict-dwarf -O2 -fPIC -Wall -Wsign-compare -Wfloat-equal -Wpointer-arith -Wcast-align -Wall -Werror _mkltmp3UCCrf.c -o _mkltmp3UCCrf.c.o  -L/usr/local/opt/openssl/lib -L/Users/alevi1/kafka/r11/node-rdkafka/build/deps -lzstd: _mkltmp3UCCrf.c:2:10: fatal error: 'zstd.h' file not found
#include <zstd.h>
         ^
1 error generated.
DBG: Check libzstd (WITH_ZSTD, action disable (originally disable)) failed: compile check failed:
CC: CC
flags: -lzstd
gcc  -I/usr/local/opt/openssl/include -gstrict-dwarf -O2 -fPIC -Wall -Wsign-compare -Wfloat-equal -Wpointer-arith -Wcast-align -Wall -Werror _mkltmp3UCCrf.c -o _mkltmp3UCCrf.c.o  -L/usr/local/opt/openssl/lib -L/Users/alevi1/kafka/r11/node-rdkafka/build/deps -lzstd:
_mkltmp3UCCrf.c:2:10: fatal error: 'zstd.h' file not found
#include <zstd.h>
         ^
1 error generated.
source: 
#include <zstd.h>
#include <zstd_errors.h>

void foo (void) {
     ZSTD_getFrameContentSize(NULL, 0);
}

DBG: Compile check liblz4 (WITH_LZ4_EXT): gcc  -I/usr/local/opt/openssl/include -gstrict-dwarf -O2 -fPIC -Wall -Wsign-compare -Wfloat-equal -Wpointer-arith -Wcast-align -Wall -Werror _mkltmpT4iUcR.c -o _mkltmpT4iUcR.c.o  -L/usr/local/opt/openssl/lib -L/Users/alevi1/kafka/r11/node-rdkafka/build/deps -llz4
DBG: compile check for liblz4 (WITH_LZ4_EXT) failed: gcc  -I/usr/local/opt/openssl/include -gstrict-dwarf -O2 -fPIC -Wall -Wsign-compare -Wfloat-equal -Wpointer-arith -Wcast-align -Wall -Werror _mkltmpT4iUcR.c -o _mkltmpT4iUcR.c.o  -L/usr/local/opt/openssl/lib -L/Users/alevi1/kafka/r11/node-rdkafka/build/deps -llz4: _mkltmpT4iUcR.c:1:10: fatal error: 'lz4frame.h' file not found
#include <lz4frame.h>
         ^
1 error generated.
DBG: Check liblz4 (WITH_LZ4_EXT, action disable (originally disable)) failed: compile check failed:
CC: CC
flags: -llz4
gcc  -I/usr/local/opt/openssl/include -gstrict-dwarf -O2 -fPIC -Wall -Wsign-compare -Wfloat-equal -Wpointer-arith -Wcast-align -Wall -Werror _mkltmpT4iUcR.c -o _mkltmpT4iUcR.c.o  -L/usr/local/opt/openssl/lib -L/Users/alevi1/kafka/r11/node-rdkafka/build/deps -llz4:
_mkltmpT4iUcR.c:1:10: fatal error: 'lz4frame.h' file not found
#include <lz4frame.h>
         ^
1 error generated.
source: #include <lz4frame.h>
DBG: Compile check rapidjson (WITH_RAPIDJSON): g++  -I/usr/local/opt/openssl/include -gstrict-dwarf -O2 -fPIC -Wall -Wsign-compare -Wfloat-equal -Wpointer-arith -Wcast-align -Wall -Werror _mkltmpc2YZoX.cpp -o _mkltmpc2YZoX.cpp.o  -L/usr/local/opt/openssl/lib -L/Users/alevi1/kafka/r11/node-rdkafka/build/deps 
DBG: compile check for rapidjson (WITH_RAPIDJSON) failed: g++  -I/usr/local/opt/openssl/include -gstrict-dwarf -O2 -fPIC -Wall -Wsign-compare -Wfloat-equal -Wpointer-arith -Wcast-align -Wall -Werror _mkltmpc2YZoX.cpp -o _mkltmpc2YZoX.cpp.o  -L/usr/local/opt/openssl/lib -L/Users/alevi1/kafka/r11/node-rdkafka/build/deps : _mkltmpc2YZoX.cpp:1:10: fatal error: 'rapidjson/schema.h' file not found
#include <rapidjson/schema.h>
         ^
1 error generated.
DBG: Check rapidjson (WITH_RAPIDJSON, action disable (originally disable)) failed: compile check failed:
CC: CXX
flags: 
g++  -I/usr/local/opt/openssl/include -gstrict-dwarf -O2 -fPIC -Wall -Wsign-compare -Wfloat-equal -Wpointer-arith -Wcast-align -Wall -Werror _mkltmpc2YZoX.cpp -o _mkltmpc2YZoX.cpp.o  -L/usr/local/opt/openssl/lib -L/Users/alevi1/kafka/r11/node-rdkafka/build/deps :
_mkltmpc2YZoX.cpp:1:10: fatal error: 'rapidjson/schema.h' file not found
#include <rapidjson/schema.h>
         ^
1 error generated.
source: #include <rapidjson/schema.h>
DBG: Compile check pthread_setname_gnu (HAVE_PTHREAD_SETNAME_GNU): gcc  -I/usr/local/opt/openssl/include -gstrict-dwarf -O2 -fPIC -Wall -Wsign-compare -Wfloat-equal -Wpointer-arith -Wcast-align -Wall -Werror _mkltmp43OTVo.c -o _mkltmp43OTVo.c.o  -L/usr/local/opt/openssl/lib -L/Users/alevi1/kafka/r11/node-rdkafka/build/deps -D_GNU_SOURCE -lpthread
DBG: compile check for pthread_setname_gnu (HAVE_PTHREAD_SETNAME_GNU) failed: gcc  -I/usr/local/opt/openssl/include -gstrict-dwarf -O2 -fPIC -Wall -Wsign-compare -Wfloat-equal -Wpointer-arith -Wcast-align -Wall -Werror _mkltmp43OTVo.c -o _mkltmp43OTVo.c.o  -L/usr/local/opt/openssl/lib -L/Users/alevi1/kafka/r11/node-rdkafka/build/deps -D_GNU_SOURCE -lpthread: _mkltmp43OTVo.c:5:38: error: too many arguments to function call, expected 1, have 2
  pthread_setname_np(pthread_self(), "abc");
  ~~~~~~~~~~~~~~~~~~                 ^~~~~
/Applications/Xcode.app/Contents/Developer/Platforms/MacOSX.platform/Developer/SDKs/MacOSX10.11.sdk/usr/include/pthread.h:473:1: note: 'pthread_setname_np' declared here
__OSX_AVAILABLE_STARTING(__MAC_10_6, __IPHONE_3_2)
^
/Applications/Xcode.app/Contents/Developer/Platforms/MacOSX.platform/Developer/SDKs/MacOSX10.11.sdk/usr/include/Availability.h:182:50: note: expanded from macro '__OSX_AVAILABLE_STARTING'
    #define __OSX_AVAILABLE_STARTING(_osx, _ios) __AVAILABILITY_INTERNAL##_osx
                                                 ^
<scratch space>:10:1: note: expanded from here
__AVAILABILITY_INTERNAL__MAC_10_6
^
/Applications/Xcode.app/Contents/Developer/Platforms/MacOSX.platform/Developer/SDKs/MacOSX10.11.sdk/usr/include/AvailabilityInternal.h:14331:72: note: expanded from macro '__AVAILABILITY_INTERNAL__MAC_10_6'
            #define __AVAILABILITY_INTERNAL__MAC_10_6                  __attribute__((availability(macosx,introduced=10.6)))
                                                                       ^
1 error generated.
DBG: Check pthread_setname_gnu (HAVE_PTHREAD_SETNAME_GNU, action disable (originally disable)) failed: compile check failed:
CC: CC
flags: -D_GNU_SOURCE -lpthread
gcc  -I/usr/local/opt/openssl/include -gstrict-dwarf -O2 -fPIC -Wall -Wsign-compare -Wfloat-equal -Wpointer-arith -Wcast-align -Wall -Werror _mkltmp43OTVo.c -o _mkltmp43OTVo.c.o  -L/usr/local/opt/openssl/lib -L/Users/alevi1/kafka/r11/node-rdkafka/build/deps -D_GNU_SOURCE -lpthread:
_mkltmp43OTVo.c:5:38: error: too many arguments to function call, expected 1, have 2
  pthread_setname_np(pthread_self(), "abc");
  ~~~~~~~~~~~~~~~~~~                 ^~~~~
/Applications/Xcode.app/Contents/Developer/Platforms/MacOSX.platform/Developer/SDKs/MacOSX10.11.sdk/usr/include/pthread.h:473:1: note: 'pthread_setname_np' declared here
__OSX_AVAILABLE_STARTING(__MAC_10_6, __IPHONE_3_2)
^
/Applications/Xcode.app/Contents/Developer/Platforms/MacOSX.platform/Developer/SDKs/MacOSX10.11.sdk/usr/include/Availability.h:182:50: note: expanded from macro '__OSX_AVAILABLE_STARTING'
    #define __OSX_AVAILABLE_STARTING(_osx, _ios) __AVAILABILITY_INTERNAL##_osx
                                                 ^
<scratch space>:10:1: note: expanded from here
__AVAILABILITY_INTERNAL__MAC_10_6
^
/Applications/Xcode.app/Contents/Developer/Platforms/MacOSX.platform/Developer/SDKs/MacOSX10.11.sdk/usr/include/AvailabilityInternal.h:14331:72: note: expanded from macro '__AVAILABILITY_INTERNAL__MAC_10_6'
            #define __AVAILABILITY_INTERNAL__MAC_10_6                  __attribute__((availability(macosx,introduced=10.6)))
                                                                       ^
1 error generated.
source: 
#include <pthread.h>

void foo (void) {
  pthread_setname_np(pthread_self(), "abc");
}

